# JRE version: Java(TM) SE Runtime Environment (8.0_201-b09) (build 1.8.0_201-b09)
# Java VM: Java HotSpot(TM) 64-Bit Server VM (25.201-b09 mixed mode windows-amd64 compressed oops)
Heap:
 PSYoungGen      total 275456K, used 53642K [0x00000000eb400000, 0x00000000fe000000, 0x0000000100000000)
  eden space 274944K, 19% used [0x00000000eb400000,0x00000000ee862910,0x00000000fc080000)
  from space 512K, 0% used [0x00000000fcb00000,0x00000000fcb00000,0x00000000fcb80000)
  to   space 12800K, 0% used [0x00000000fd380000,0x00000000fd380000,0x00000000fe000000)
 ParOldGen       total 29184K, used 16200K [0x00000000c1c00000, 0x00000000c3880000, 0x00000000eb400000)
  object space 29184K, 55% used [0x00000000c1c00000,0x00000000c2bd23b0,0x00000000c3880000)
 Metaspace       used 43953K, capacity 45496K, committed 45992K, reserved 1091584K
  class space    used 6153K, capacity 6458K, committed 6568K, reserved 1048576K
GC Heap History (10 events):
Event: 45.057 GC heap before
{Heap before GC invocations=17 (full 4):
 PSYoungGen      total 274432K, used 4712K [0x00000000eb400000, 0x00000000fe400000, 0x0000000100000000)
  eden space 261632K, 0% used [0x00000000eb400000,0x00000000eb400000,0x00000000fb380000)
  from space 12800K, 36% used [0x00000000fcb00000,0x00000000fcf9a240,0x00000000fd780000)
  to   space 4608K, 0% used [0x00000000fdf80000,0x00000000fdf80000,0x00000000fe400000)
 ParOldGen       total 29184K, used 21504K [0x00000000c1c00000, 0x00000000c3880000, 0x00000000eb400000)
  object space 29184K, 73% used [0x00000000c1c00000,0x00000000c3100078,0x00000000c3880000)
 Metaspace       used 42750K, capacity 44296K, committed 44584K, reserved 1093632K
  class space    used 6016K, capacity 6346K, committed 6440K, reserved 1048576K
Event: 45.190 GC heap after
Heap after GC invocations=17 (full 4):
 PSYoungGen      total 274432K, used 0K [0x00000000eb400000, 0x00000000fe400000, 0x0000000100000000)
  eden space 261632K, 0% used [0x00000000eb400000,0x00000000eb400000,0x00000000fb380000)
  from space 12800K, 0% used [0x00000000fcb00000,0x00000000fcb00000,0x00000000fd780000)
  to   space 4608K, 0% used [0x00000000fdf80000,0x00000000fdf80000,0x00000000fe400000)
 ParOldGen       total 29184K, used 22717K [0x00000000c1c00000, 0x00000000c3880000, 0x00000000eb400000)
  object space 29184K, 77% used [0x00000000c1c00000,0x00000000c322f708,0x00000000c3880000)
 Metaspace       used 42750K, capacity 44296K, committed 44584K, reserved 1091584K
  class space    used 6016K, capacity 6346K, committed 6440K, reserved 1048576K
}
Event: 45.195 GC heap before
{Heap before GC invocations=18 (full 4):
 PSYoungGen      total 274432K, used 0K [0x00000000eb400000, 0x00000000fe400000, 0x0000000100000000)
  eden space 261632K, 0% used [0x00000000eb400000,0x00000000eb400000,0x00000000fb380000)
  from space 12800K, 0% used [0x00000000fcb00000,0x00000000fcb00000,0x00000000fd780000)
  to   space 4608K, 0% used [0x00000000fdf80000,0x00000000fdf80000,0x00000000fe400000)
 ParOldGen       total 29184K, used 22717K [0x00000000c1c00000, 0x00000000c3880000, 0x00000000eb400000)
  object space 29184K, 77% used [0x00000000c1c00000,0x00000000c322f708,0x00000000c3880000)
 Metaspace       used 42751K, capacity 44296K, committed 44584K, reserved 1095680K
  class space    used 6016K, capacity 6346K, committed 6440K, reserved 1048576K
Event: 45.198 GC heap after
Heap after GC invocations=18 (full 4):
 PSYoungGen      total 266240K, used 0K [0x00000000eb400000, 0x00000000fe400000, 0x0000000100000000)
  eden space 261632K, 0% used [0x00000000eb400000,0x00000000eb400000,0x00000000fb380000)
  from space 4608K, 0% used [0x00000000fdf80000,0x00000000fdf80000,0x00000000fe400000)
  to   space 12800K, 0% used [0x00000000fcb00000,0x00000000fcb00000,0x00000000fd780000)
 ParOldGen       total 29184K, used 22717K [0x00000000c1c00000, 0x00000000c3880000, 0x00000000eb400000)
  object space 29184K, 77% used [0x00000000c1c00000,0x00000000c322f708,0x00000000c3880000)
 Metaspace       used 42751K, capacity 44296K, committed 44584K, reserved 1095680K
  class space    used 6016K, capacity 6346K, committed 6440K, reserved 1048576K
}
Event: 45.198 GC heap before
{Heap before GC invocations=19 (full 5):
 PSYoungGen      total 266240K, used 0K [0x00000000eb400000, 0x00000000fe400000, 0x0000000100000000)
  eden space 261632K, 0% used [0x00000000eb400000,0x00000000eb400000,0x00000000fb380000)
  from space 4608K, 0% used [0x00000000fdf80000,0x00000000fdf80000,0x00000000fe400000)
  to   space 12800K, 0% used [0x00000000fcb00000,0x00000000fcb00000,0x00000000fd780000)
 ParOldGen       total 29184K, used 22717K [0x00000000c1c00000, 0x00000000c3880000, 0x00000000eb400000)
  object space 29184K, 77% used [0x00000000c1c00000,0x00000000c322f708,0x00000000c3880000)
 Metaspace       used 42751K, capacity 44296K, committed 44584K, reserved 1095680K
  class space    used 6016K, capacity 6346K, committed 6440K, reserved 1048576K
Event: 45.321 GC heap after
Heap after GC invocations=19 (full 5):
 PSYoungGen      total 266240K, used 0K [0x00000000eb400000, 0x00000000fe400000, 0x0000000100000000)
  eden space 261632K, 0% used [0x00000000eb400000,0x00000000eb400000,0x00000000fb380000)
  from space 4608K, 0% used [0x00000000fdf80000,0x00000000fdf80000,0x00000000fe400000)
  to   space 12800K, 0% used [0x00000000fcb00000,0x00000000fcb00000,0x00000000fd780000)
 ParOldGen       total 29184K, used 19281K [0x00000000c1c00000, 0x00000000c3880000, 0x00000000eb400000)
  object space 29184K, 66% used [0x00000000c1c00000,0x00000000c2ed4630,0x00000000c3880000)
 Metaspace       used 42751K, capacity 44296K, committed 44584K, reserved 1091584K
  class space    used 6016K, capacity 6346K, committed 6440K, reserved 1048576K
}
Event: 45.322 GC heap before
{Heap before GC invocations=20 (full 5):
 PSYoungGen      total 266240K, used 0K [0x00000000eb400000, 0x00000000fe400000, 0x0000000100000000)
  eden space 261632K, 0% used [0x00000000eb400000,0x00000000eb400000,0x00000000fb380000)
  from space 4608K, 0% used [0x00000000fdf80000,0x00000000fdf80000,0x00000000fe400000)
  to   space 12800K, 0% used [0x00000000fcb00000,0x00000000fcb00000,0x00000000fd780000)
 ParOldGen       total 29184K, used 19281K [0x00000000c1c00000, 0x00000000c3880000, 0x00000000eb400000)
  object space 29184K, 66% used [0x00000000c1c00000,0x00000000c2ed4630,0x00000000c3880000)
 Metaspace       used 42751K, capacity 44296K, committed 44584K, reserved 1095680K
  class space    used 6016K, capacity 6346K, committed 6440K, reserved 1048576K
Event: 45.326 GC heap after
Heap after GC invocations=20 (full 5):
 PSYoungGen      total 275456K, used 0K [0x00000000eb400000, 0x00000000fe000000, 0x0000000100000000)
  eden space 274944K, 0% used [0x00000000eb400000,0x00000000eb400000,0x00000000fc080000)
  from space 512K, 0% used [0x00000000fcb00000,0x00000000fcb00000,0x00000000fcb80000)
  to   space 12800K, 0% used [0x00000000fd380000,0x00000000fd380000,0x00000000fe000000)
 ParOldGen       total 29184K, used 19281K [0x00000000c1c00000, 0x00000000c3880000, 0x00000000eb400000)
  object space 29184K, 66% used [0x00000000c1c00000,0x00000000c2ed4630,0x00000000c3880000)
 Metaspace       used 42751K, capacity 44296K, committed 44584K, reserved 1095680K
  class space    used 6016K, capacity 6346K, committed 6440K, reserved 1048576K
}
Event: 45.326 GC heap before
{Heap before GC invocations=21 (full 6):
 PSYoungGen      total 275456K, used 0K [0x00000000eb400000, 0x00000000fe000000, 0x0000000100000000)
  eden space 274944K, 0% used [0x00000000eb400000,0x00000000eb400000,0x00000000fc080000)
  from space 512K, 0% used [0x00000000fcb00000,0x00000000fcb00000,0x00000000fcb80000)
  to   space 12800K, 0% used [0x00000000fd380000,0x00000000fd380000,0x00000000fe000000)
 ParOldGen       total 29184K, used 19281K [0x00000000c1c00000, 0x00000000c3880000, 0x00000000eb400000)
  object space 29184K, 66% used [0x00000000c1c00000,0x00000000c2ed4630,0x00000000c3880000)
 Metaspace       used 42751K, capacity 44296K, committed 44584K, reserved 1095680K
  class space    used 6016K, capacity 6346K, committed 6440K, reserved 1048576K
Event: 45.635 GC heap after
Heap after GC invocations=21 (full 6):
 PSYoungGen      total 275456K, used 0K [0x00000000eb400000, 0x00000000fe000000, 0x0000000100000000)
  eden space 274944K, 0% used [0x00000000eb400000,0x00000000eb400000,0x00000000fc080000)
  from space 512K, 0% used [0x00000000fcb00000,0x00000000fcb00000,0x00000000fcb80000)
  to   space 12800K, 0% used [0x00000000fd380000,0x00000000fd380000,0x00000000fe000000)
 ParOldGen       total 29184K, used 16200K [0x00000000c1c00000, 0x00000000c3880000, 0x00000000eb400000)
  object space 29184K, 55% used [0x00000000c1c00000,0x00000000c2bd23b0,0x00000000c3880000)
 Metaspace       used 42615K, capacity 44078K, committed 44584K, reserved 1091584K
  class space    used 5994K, capacity 6305K, committed 6440K, reserved 1048576K
}

